<?xml version="1.0" encoding="UTF-8"?>
<testsuite name="MusicAdvisorTest" tests="1" skipped="1" failures="0" errors="0" timestamp="2025-08-04T11:22:04" hostname="Denizs-MacBook-Pro.local" time="6.065">
  <properties/>
  <testcase name="start" classname="MusicAdvisorTest" time="6.065">
    <skipped/>
  </testcase>
  <system-out><![CDATA[?[1;31m
Start test 1?[0m
> auth
use this link to request the access code:
http://127.0.0.1:56788/authorize?client_id=b7e62bd4956f4af1a0537c07165ec822&response_type=code&redirect_uri=http://127.0.0.1:8080
waiting for code...
?[0;34mTester> Making requests to 'redirect_uri': http://127.0.0.1:8080
?[0m?[0;34mTester> Made request 1: Authorization code not found. Try again.
?[0m?[0;34mTester> Made request 2: Authorization code not found. Try again.
code received
123123
?[0m?[0;34mTester> Made request 3: Got the code. Return back to your program.
code received
making http request for access_token...
response:
{"access_token":"456456","token_type":"Bearer","expires_in":3600,"refresh_token":"567567","scope":""}
---SUCCESS---
> exit
---GOODBYE!---
]]></system-out>
  <system-err><![CDATA[]]></system-err>
</testsuite>
